<?xml version="1.0" encoding="UTF-8"?>
<coverage generated="1722860316">
  <project timestamp="1722860316">
    <file name="/testing/src/TimeRemaining.php">
      <class name="Othyn\TimeRemaining\TimeRemaining" namespace="global">
        <metrics complexity="11" methods="9" coveredmethods="9" conditionals="0" coveredconditionals="0" statements="22" coveredstatements="22" elements="31" coveredelements="31"/>
      </class>
      <line num="12" type="method" name="__construct" visibility="public" complexity="1" crap="1" count="15"/>
      <line num="14" type="stmt" count="15"/>
      <line num="15" type="stmt" count="15"/>
      <line num="18" type="method" name="setTotalItems" visibility="public" complexity="1" crap="1" count="3"/>
      <line num="20" type="stmt" count="3"/>
      <line num="23" type="method" name="getElapsedTime" visibility="public" complexity="1" crap="1" count="9"/>
      <line num="25" type="stmt" count="9"/>
      <line num="28" type="method" name="getProgress" visibility="public" complexity="2" crap="2" count="14"/>
      <line num="30" type="stmt" count="14"/>
      <line num="31" type="stmt" count="2"/>
      <line num="32" type="stmt" count="14"/>
      <line num="35" type="method" name="getPercentageProgress" visibility="public" complexity="1" crap="1" count="6"/>
      <line num="37" type="stmt" count="6"/>
      <line num="40" type="method" name="getEstimatedTotalTime" visibility="public" complexity="2" crap="2" count="10"/>
      <line num="42" type="stmt" count="10"/>
      <line num="44" type="stmt" count="10"/>
      <line num="45" type="stmt" count="2"/>
      <line num="46" type="stmt" count="10"/>
      <line num="49" type="method" name="getRemainingTime" visibility="public" complexity="1" crap="1" count="6"/>
      <line num="51" type="stmt" count="6"/>
      <line num="54" type="method" name="format" visibility="public" complexity="1" crap="1" count="5"/>
      <line num="56" type="stmt" count="5"/>
      <line num="57" type="stmt" count="5"/>
      <line num="58" type="stmt" count="5"/>
      <line num="60" type="stmt" count="5"/>
      <line num="63" type="method" name="getFormattedProgress" visibility="public" complexity="1" crap="1" count="4"/>
      <line num="65" type="stmt" count="4"/>
      <line num="66" type="stmt" count="4"/>
      <line num="67" type="stmt" count="4"/>
      <line num="68" type="stmt" count="4"/>
      <line num="69" type="stmt" count="4"/>
      <metrics loc="72" ncloc="72" classes="1" methods="9" coveredmethods="9" conditionals="0" coveredconditionals="0" statements="22" coveredstatements="22" elements="31" coveredelements="31"/>
    </file>
    <metrics files="1" loc="72" ncloc="72" classes="1" methods="9" coveredmethods="9" conditionals="0" coveredconditionals="0" statements="22" coveredstatements="22" elements="31" coveredelements="31"/>
  </project>
</coverage>
