<?xml version="1.0" encoding="UTF-8"?>
<coverage generated="1723648794">
  <project timestamp="1723648794">
    <file name="/testing/src/TimeRemaining.php">
      <class name="Othyn\TimeRemaining\TimeRemaining" namespace="global">
        <metrics complexity="13" methods="11" coveredmethods="11" conditionals="0" coveredconditionals="0" statements="27" coveredstatements="27" elements="38" coveredelements="38"/>
      </class>
      <line num="13" type="method" name="__construct" visibility="public" complexity="1" crap="1" count="21"/>
      <line num="15" type="stmt" count="21"/>
      <line num="16" type="stmt" count="21"/>
      <line num="19" type="method" name="setTotalItems" visibility="public" complexity="1" crap="1" count="3"/>
      <line num="21" type="stmt" count="3"/>
      <line num="24" type="method" name="setDateFormat" visibility="public" complexity="1" crap="1" count="3"/>
      <line num="26" type="stmt" count="3"/>
      <line num="29" type="method" name="getElapsedTime" visibility="public" complexity="1" crap="1" count="16"/>
      <line num="31" type="stmt" count="16"/>
      <line num="34" type="method" name="getProgress" visibility="public" complexity="2" crap="2" count="20"/>
      <line num="36" type="stmt" count="20"/>
      <line num="37" type="stmt" count="2"/>
      <line num="38" type="stmt" count="20"/>
      <line num="41" type="method" name="getPercentageProgress" visibility="public" complexity="1" crap="1" count="12"/>
      <line num="43" type="stmt" count="12"/>
      <line num="46" type="method" name="getEstimatedTotalTime" visibility="public" complexity="2" crap="2" count="17"/>
      <line num="48" type="stmt" count="17"/>
      <line num="50" type="stmt" count="17"/>
      <line num="51" type="stmt" count="2"/>
      <line num="52" type="stmt" count="17"/>
      <line num="55" type="method" name="getRemainingTime" visibility="public" complexity="1" crap="1" count="13"/>
      <line num="57" type="stmt" count="13"/>
      <line num="60" type="method" name="getEstimatedCompletionDateTime" visibility="public" complexity="1" crap="1" count="11"/>
      <line num="62" type="stmt" count="11"/>
      <line num="63" type="stmt" count="11"/>
      <line num="65" type="stmt" count="11"/>
      <line num="68" type="method" name="format" visibility="public" complexity="1" crap="1" count="11"/>
      <line num="70" type="stmt" count="11"/>
      <line num="71" type="stmt" count="11"/>
      <line num="72" type="stmt" count="11"/>
      <line num="73" type="stmt" count="11"/>
      <line num="75" type="stmt" count="11"/>
      <line num="78" type="method" name="getFormattedProgress" visibility="public" complexity="1" crap="1" count="8"/>
      <line num="80" type="stmt" count="8"/>
      <line num="81" type="stmt" count="8"/>
      <line num="82" type="stmt" count="8"/>
      <line num="83" type="stmt" count="8"/>
      <line num="84" type="stmt" count="8"/>
      <metrics loc="87" ncloc="87" classes="1" methods="11" coveredmethods="11" conditionals="0" coveredconditionals="0" statements="27" coveredstatements="27" elements="38" coveredelements="38"/>
    </file>
    <metrics files="1" loc="87" ncloc="87" classes="1" methods="11" coveredmethods="11" conditionals="0" coveredconditionals="0" statements="27" coveredstatements="27" elements="38" coveredelements="38"/>
  </project>
</coverage>
